<?xml version="1.0" encoding="UTF-8"?>
<!-- Generated by org.testng.reporters.JUnitXMLReporter -->
<testsuite hostname="CBT-020" name="ChromeTest" tests="3" failures="0" timestamp="4 Sep 2016 06:53:25 GMT" time="30.303" errors="0">
  <testcase name="testScenarios" time="3.189" classname="delta.main.DeltaDriver"/>
  <testcase name="testScenarios" time="0.858" classname="delta.main.DeltaDriver"/>
  <testcase name="testScenarios" time="0.004" classname="delta.main.DeltaDriver">
    <skipped/>
  </testcase> <!-- testScenarios -->
</testsuite> <!-- ChromeTest -->
