<?xml version="1.0" encoding="UTF-8"?>
<!-- Generated by org.testng.reporters.JUnitXMLReporter -->
<testsuite hostname="CBT-020" name="Test" tests="3" failures="1" timestamp="4 Sep 2016 04:45:03 GMT" time="33.634" errors="0">
  <testcase name="testScenarios" time="1.575" classname="delta.main.DeltaDriver"/>
  <testcase name="testScenarios" time="0.119" classname="delta.main.DeltaDriver">
    <failure type="java.lang.ArrayIndexOutOfBoundsException" message="1">
      <![CDATA[java.lang.ArrayIndexOutOfBoundsException: 1
	at delta.main.Locator.getLocaor(Locator.java:12)
	at delta.main.KeyWord.executeKeyWord(KeyWord.java:12)
	at delta.main.DeltaDriver.testScenarios(DeltaDriver.java:44)
... Removed 23 stack frames]]>
    </failure>
  </testcase> <!-- testScenarios -->
  <testcase name="testScenarios" time="0.0" classname="delta.main.DeltaDriver">
    <skipped/>
  </testcase> <!-- testScenarios -->
</testsuite> <!-- Test -->
