<?xml version="1.0" encoding="UTF-8"?>
<testng-results skipped="0" failed="0" total="2" passed="2">
  <reporter-output>
  </reporter-output>
  <suite name="DeltaSuite" duration-ms="50502" started-at="2016-09-10T14:06:22Z" finished-at="2016-09-10T14:07:12Z">
    <groups>
    </groups>
    <test name="ChromeTest" duration-ms="39255" started-at="2016-09-10T14:06:22Z" finished-at="2016-09-10T14:07:01Z">
      <class name="delta.main.DeltaDriver">
        <test-method status="PASS" signature="initFrameWork()[pri:0, instance:delta.main.DeltaDriver@73846619]" name="initFrameWork" is-config="true" duration-ms="343" started-at="2016-09-10T19:36:22Z" finished-at="2016-09-10T19:36:22Z">
          <reporter-output>
          </reporter-output>
        </test-method> <!-- initFrameWork -->
        <test-method status="PASS" signature="launchApp(org.testng.xml.XmlTest)[pri:0, instance:delta.main.DeltaDriver@73846619]" name="launchApp" is-config="true" duration-ms="6244" started-at="2016-09-10T19:36:23Z" finished-at="2016-09-10T19:36:29Z">
          <params>
            <param index="0">
              <value>
                <![CDATA[[Test: "ChromeTest" verbose:1[parameters:browser=>chrome][metagroups:] [included: ][excluded: ]  classes:[XmlClass class=delta.main.DeltaDriver]  packages:] ]]>
              </value>
            </param>
          </params>
          <reporter-output>
          </reporter-output>
        </test-method> <!-- launchApp -->
        <test-method status="PASS" signature="testScenarios(java.lang.String, java.lang.String)[pri:0, instance:delta.main.DeltaDriver@73846619]" name="testScenarios" duration-ms="30635" started-at="2016-09-10T19:36:29Z" data-provider="getScenarios" finished-at="2016-09-10T19:37:00Z">
          <params>
            <param index="0">
              <value>
                <![CDATA[Scenario2]]>
              </value>
            </param>
            <param index="1">
              <value>
                <![CDATA[yes]]>
              </value>
            </param>
          </params>
          <reporter-output>
          </reporter-output>
        </test-method> <!-- testScenarios -->
        <test-method status="PASS" signature="quitApp(org.testng.ITestResult)[pri:0, instance:delta.main.DeltaDriver@73846619]" name="quitApp" is-config="true" duration-ms="238" started-at="2016-09-10T19:37:00Z" finished-at="2016-09-10T19:37:00Z">
          <params>
            <param index="0">
              <value>
                <![CDATA[[TestResult name=testScenarios status=SUCCESS method=DeltaDriver.testScenarios(java.lang.String, java.lang.String)[pri:0, instance:delta.main.DeltaDriver@73846619] output={null}]]]>
              </value>
            </param>
          </params>
          <reporter-output>
          </reporter-output>
        </test-method> <!-- quitApp -->
        <test-method status="PASS" signature="endFrameWork()[pri:0, instance:delta.main.DeltaDriver@73846619]" name="endFrameWork" is-config="true" duration-ms="838" started-at="2016-09-10T19:37:00Z" finished-at="2016-09-10T19:37:01Z">
          <reporter-output>
          </reporter-output>
        </test-method> <!-- endFrameWork -->
      </class> <!-- delta.main.DeltaDriver -->
    </test> <!-- ChromeTest -->
    <test name="FirefoxTest" duration-ms="50502" started-at="2016-09-10T14:06:22Z" finished-at="2016-09-10T14:07:12Z">
      <class name="delta.main.DeltaDriver">
        <test-method status="PASS" signature="initFrameWork()[pri:0, instance:delta.main.DeltaDriver@7085bdee]" name="initFrameWork" is-config="true" duration-ms="343" started-at="2016-09-10T19:36:22Z" finished-at="2016-09-10T19:36:22Z">
          <reporter-output>
          </reporter-output>
        </test-method> <!-- initFrameWork -->
        <test-method status="PASS" signature="launchApp(org.testng.xml.XmlTest)[pri:0, instance:delta.main.DeltaDriver@7085bdee]" name="launchApp" is-config="true" duration-ms="12014" started-at="2016-09-10T19:36:23Z" finished-at="2016-09-10T19:36:35Z">
          <params>
            <param index="0">
              <value>
                <![CDATA[[Test: "FirefoxTest" verbose:1[parameters:browser=>firefox][metagroups:] [included: ][excluded: ]  classes:[XmlClass class=delta.main.DeltaDriver]  packages:] ]]>
              </value>
            </param>
          </params>
          <reporter-output>
          </reporter-output>
        </test-method> <!-- launchApp -->
        <test-method status="PASS" signature="testScenarios(java.lang.String, java.lang.String)[pri:0, instance:delta.main.DeltaDriver@7085bdee]" name="testScenarios" duration-ms="33902" started-at="2016-09-10T19:36:35Z" data-provider="getScenarios" finished-at="2016-09-10T19:37:09Z">
          <params>
            <param index="0">
              <value>
                <![CDATA[Scenario2]]>
              </value>
            </param>
            <param index="1">
              <value>
                <![CDATA[yes]]>
              </value>
            </param>
          </params>
          <reporter-output>
          </reporter-output>
        </test-method> <!-- testScenarios -->
        <test-method status="PASS" signature="quitApp(org.testng.ITestResult)[pri:0, instance:delta.main.DeltaDriver@7085bdee]" name="quitApp" is-config="true" duration-ms="3209" started-at="2016-09-10T19:37:09Z" finished-at="2016-09-10T19:37:12Z">
          <params>
            <param index="0">
              <value>
                <![CDATA[[TestResult name=testScenarios status=SUCCESS method=DeltaDriver.testScenarios(java.lang.String, java.lang.String)[pri:0, instance:delta.main.DeltaDriver@7085bdee] output={null}]]]>
              </value>
            </param>
          </params>
          <reporter-output>
          </reporter-output>
        </test-method> <!-- quitApp -->
        <test-method status="PASS" signature="endFrameWork()[pri:0, instance:delta.main.DeltaDriver@7085bdee]" name="endFrameWork" is-config="true" duration-ms="79" started-at="2016-09-10T19:37:12Z" finished-at="2016-09-10T19:37:12Z">
          <reporter-output>
          </reporter-output>
        </test-method> <!-- endFrameWork -->
      </class> <!-- delta.main.DeltaDriver -->
    </test> <!-- FirefoxTest -->
  </suite> <!-- DeltaSuite -->
</testng-results>
