<?xml version="1.0" encoding="UTF-8"?>
<!-- Generated by org.testng.reporters.JUnitXMLReporter -->
<testsuite hostname="CBT-020" name="FirefoxTest" tests="2" failures="1" timestamp="4 Sep 2016 09:53:49 GMT" time="253.527" errors="0">
  <testcase name="testScenarios" time="7.045" classname="delta.main.DeltaDriver"/>
  <testcase name="testScenarios" time="1.265" classname="delta.main.DeltaDriver">
    <failure type="java.lang.ArrayIndexOutOfBoundsException" message="1">
      <![CDATA[java.lang.ArrayIndexOutOfBoundsException: 1
	at delta.main.Locator.getLocaor(Locator.java:12)
	at delta.main.KeyWord.executeKeyWord(KeyWord.java:24)
	at delta.main.DeltaDriver.testScenarios(DeltaDriver.java:94)
	at java.util.concurrent.FutureTask.run(Unknown Source)
	at java.util.concurrent.ThreadPoolExecutor.runWorker(Unknown Source)
	at java.util.concurrent.ThreadPoolExecutor$Worker.run(Unknown Source)
	at java.lang.Thread.run(Unknown Source)
... Removed 16 stack frames]]>
    </failure>
  </testcase> <!-- testScenarios -->
</testsuite> <!-- FirefoxTest -->
